Running: C:\Xilinx\14.7\ISE_DS\ISE\bin\nt64\unwrapped\fuse.exe -intstyle ise -incremental -o C:/Xilinx/projects/moje/synchronous_counter/test_isim_beh.exe -prj C:/Xilinx/projects/moje/synchronous_counter/test_beh.prj work.test 
ISim P.20131013 (signature 0x7708f090)
Number of CPUs detected in this system: 8
Turning on mult-threading, number of parallel sub-compilation jobs: 16 
Determining compilation order of HDL files
Parsing VHDL file "C:/Xilinx/projects/moje/synchronous_counter/main.vhd" into library work
Parsing VHDL file "C:/Xilinx/projects/moje/synchronous_counter/test.vhd" into library work
Starting static elaboration
Completed static elaboration
Compiling package standard
Compiling package std_logic_1164
Compiling package std_logic_arith
Compiling package std_logic_unsigned
Compiling package numeric_std
Compiling architecture behavioral of entity main [main_default]
Compiling architecture behavior of entity test
Time Resolution for simulation is 1ps.
Waiting for 1 sub-compilation(s) to finish...
Compiled 8 VHDL Units
Built simulation executable C:/Xilinx/projects/moje/synchronous_counter/test_isim_beh.exe
Fuse Memory Usage: 37580 KB
Fuse CPU Usage: 531 ms
