Command line:
   test_isim_beh.exe
     -simmode  gui
     -simrunnum  0
     -socket  51372

Mon Aug 30 11:48:50 2021


 Elaboration Time: 0.015625 sec

 Current Memory Usage: 5150.39 Meg

 Total Signals          : 13
 Total Nets             : 49
 Total Signal Drivers   : 9
 Total Blocks           : 6
 Total Primitive Blocks : 5
 Total Processes        : 3
 Total Traceable Variables  : 16
 Total Scalar Nets and Variables : 551
Total Line Count : 51

 Total Simulation Time: 0.1875 sec

 Current Memory Usage: 4678.53 Meg

Mon Aug 30 11:51:22 2021

