Release 14.7 - xst P.20131013 (nt64)
Copyright (c) 1995-2013 Xilinx, Inc.  All rights reserved.
--> Parameter TMPDIR set to xst/projnav.tmp


Total REAL time to Xst completion: 1.00 secs
Total CPU time to Xst completion: 0.10 secs
 
--> Parameter xsthdpdir set to xst


Total REAL time to Xst completion: 1.00 secs
Total CPU time to Xst completion: 0.10 secs
 
--> Reading design: main.prj

TABLE OF CONTENTS
  1) Synthesis Options Summary
  2) HDL Compilation
  3) Design Hierarchy Analysis
  4) HDL Analysis
  5) HDL Synthesis
     5.1) HDL Synthesis Report
  6) Advanced HDL Synthesis
     6.1) Advanced HDL Synthesis Report
  7) Low Level Synthesis
  8) Partition Report
  9) Final Report
	9.1) Device utilization summary
	9.2) Partition Resource Summary
	9.3) TIMING REPORT


=========================================================================
*                      Synthesis Options Summary                        *
=========================================================================
---- Source Parameters
Input File Name                    : "main.prj"
Input Format                       : mixed
Ignore Synthesis Constraint File   : NO

---- Target Parameters
Output File Name                   : "main"
Output Format                      : NGC
Target Device                      : xc3s50a-5-tq144

---- Source Options
Top Module Name                    : main
Automatic FSM Extraction           : YES
FSM Encoding Algorithm             : Auto
Safe Implementation                : No
FSM Style                          : LUT
RAM Extraction                     : Yes
RAM Style                          : Auto
ROM Extraction                     : Yes
Mux Style                          : Auto
Decoder Extraction                 : YES
Priority Encoder Extraction        : Yes
Shift Register Extraction          : YES
Logical Shifter Extraction         : YES
XOR Collapsing                     : YES
ROM Style                          : Auto
Mux Extraction                     : Yes
Resource Sharing                   : YES
Asynchronous To Synchronous        : NO
Multiplier Style                   : Auto
Automatic Register Balancing       : No

---- Target Options
Add IO Buffers                     : YES
Global Maximum Fanout              : 100000
Add Generic Clock Buffer(BUFG)     : 24
Register Duplication               : YES
Slice Packing                      : YES
Optimize Instantiated Primitives   : NO
Use Clock Enable                   : Yes
Use Synchronous Set                : Yes
Use Synchronous Reset              : Yes
Pack IO Registers into IOBs        : Auto
Equivalent register Removal        : YES

---- General Options
Optimization Goal                  : Speed
Optimization Effort                : 1
Keep Hierarchy                     : No
Netlist Hierarchy                  : As_Optimized
RTL Output                         : Yes
Global Optimization                : AllClockNets
Read Cores                         : YES
Write Timing Constraints           : NO
Cross Clock Analysis               : NO
Hierarchy Separator                : /
Bus Delimiter                      : <>
Case Specifier                     : Maintain
Slice Utilization Ratio            : 100
BRAM Utilization Ratio             : 100
Verilog 2001                       : YES
Auto BRAM Packing                  : NO
Slice Utilization Ratio Delta      : 5

=========================================================================


=========================================================================
*                          HDL Compilation                              *
=========================================================================
Compiling vhdl file "C:/Xilinx/projects/moje/synchronous_counter/main.vhd" in Library work.
Entity <main> compiled.
Entity <main> (Architecture <behavioral>) compiled.

=========================================================================
*                     Design Hierarchy Analysis                         *
=========================================================================
Analyzing hierarchy for entity <main> in library <work> (architecture <behavioral>).


=========================================================================
*                            HDL Analysis                               *
=========================================================================
Analyzing Entity <main> in library <work> (Architecture <behavioral>).
Entity <main> analyzed. Unit <main> generated.


=========================================================================
*                           HDL Synthesis                               *
=========================================================================

Performing bidirectional port resolution...

Synthesizing Unit <main>.
    Related source file is "C:/Xilinx/projects/moje/synchronous_counter/main.vhd".
    Found 8-bit register for signal <led_segment>.
    Found 3-bit register for signal <led_enable>.
    Found 23-bit up counter for signal <counter>.
    Found 3-bit register for signal <D>.
    Found 1-bit xor2 for signal <D_2$xor0000> created at line 26.
    Found 3-bit register for signal <qn>.
    Summary:
	inferred   1 Counter(s).
	inferred  17 D-type flip-flop(s).
Unit <main> synthesized.


=========================================================================
HDL Synthesis Report

Macro Statistics
# Counters                                             : 1
 23-bit up counter                                     : 1
# Registers                                            : 8
 1-bit register                                        : 6
 3-bit register                                        : 1
 8-bit register                                        : 1
# Xors                                                 : 1
 1-bit xor2                                            : 1

=========================================================================

=========================================================================
*                       Advanced HDL Synthesis                          *
=========================================================================

WARNING:Xst:1426 - The value init of the FF/Latch led_enable_1 hinder the constant cleaning in the block main.
   You should achieve better results by setting this init to 1.

=========================================================================
Advanced HDL Synthesis Report

Macro Statistics
# Counters                                             : 1
 23-bit up counter                                     : 1
# Registers                                            : 17
 Flip-Flops                                            : 17
# Xors                                                 : 1
 1-bit xor2                                            : 1

=========================================================================

=========================================================================
*                         Low Level Synthesis                           *
=========================================================================
WARNING:Xst:1426 - The value init of the FF/Latch led_enable_1 hinder the constant cleaning in the block main.
   You should achieve better results by setting this init to 1.

Optimizing unit <main> ...

Mapping all equations...
Building and optimizing final netlist ...
Found area constraint ratio of 100 (+ 5) on block main, actual ratio is 4.

Final Macro Processing ...

=========================================================================
Final Register Report

Macro Statistics
# Registers                                            : 40
 Flip-Flops                                            : 40

=========================================================================

=========================================================================
*                           Partition Report                            *
=========================================================================

Partition Implementation Status
-------------------------------

  No Partitions were found in this design.

-------------------------------

=========================================================================
*                            Final Report                               *
=========================================================================
Final Results
RTL Top Level Output File Name     : main.ngr
Top Level Output File Name         : main
Output Format                      : NGC
Optimization Goal                  : Speed
Keep Hierarchy                     : No

Design Statistics
# IOs                              : 14

Cell Usage :
# BELS                             : 110
#      GND                         : 1
#      INV                         : 1
#      LUT1                        : 22
#      LUT2                        : 4
#      LUT3                        : 12
#      LUT3_D                      : 1
#      LUT3_L                      : 2
#      LUT4                        : 13
#      LUT4_D                      : 1
#      MUXCY                       : 28
#      MUXF5                       : 1
#      VCC                         : 1
#      XORCY                       : 23
# FlipFlops/Latches                : 40
#      FD                          : 23
#      FDE                         : 17
# Clock Buffers                    : 1
#      BUFGP                       : 1
# IO Buffers                       : 13
#      IBUF                        : 2
#      OBUF                        : 11
=========================================================================

Device utilization summary:
---------------------------

Selected Device : 3s50atq144-5 

 Number of Slices:                       31  out of    704     4%  
 Number of Slice Flip Flops:             40  out of   1408     2%  
 Number of 4 input LUTs:                 56  out of   1408     3%  
 Number of IOs:                          14
 Number of bonded IOBs:                  14  out of    108    12%  
 Number of GCLKs:                         1  out of     24     4%  

---------------------------
Partition Resource Summary:
---------------------------

  No Partitions were found in this design.

---------------------------


=========================================================================
TIMING REPORT

NOTE: THESE TIMING NUMBERS ARE ONLY A SYNTHESIS ESTIMATE.
      FOR ACCURATE TIMING INFORMATION PLEASE REFER TO THE TRACE REPORT
      GENERATED AFTER PLACE-and-ROUTE.

Clock Information:
------------------
-----------------------------------+------------------------+-------+
Clock Signal                       | Clock buffer(FF name)  | Load  |
-----------------------------------+------------------------+-------+
clk                                | BUFGP                  | 40    |
-----------------------------------+------------------------+-------+

Asynchronous Control Signals Information:
----------------------------------------
No asynchronous control signals found in this design

Timing Summary:
---------------
Speed Grade: -5

   Minimum period: 4.538ns (Maximum Frequency: 220.364MHz)
   Minimum input arrival time before clock: 4.514ns
   Maximum output required time after clock: 5.248ns
   Maximum combinational path delay: No path found

Timing Detail:
--------------
All values displayed in nanoseconds (ns)

=========================================================================
Timing constraint: Default period analysis for Clock 'clk'
  Clock period: 4.538ns (frequency: 220.364MHz)
  Total number of paths / destination ports: 726 / 54
-------------------------------------------------------------------------
Delay:               4.538ns (Levels of Logic = 8)
  Source:            counter_8 (FF)
  Destination:       led_enable_0 (FF)
  Source Clock:      clk rising
  Destination Clock: clk rising

  Data Path: counter_8 to led_enable_0
                                Gate     Net
    Cell:in->out      fanout   Delay   Delay  Logical Name (Net Name)
    ----------------------------------------  ------------
     FD:C->Q               2   0.495   0.488  counter_8 (counter_8)
     LUT3:I0->O            1   0.561   0.000  D_0_and0001_wg_lut<0> (D_0_and0001_wg_lut<0>)
     MUXCY:S->O            1   0.523   0.000  D_0_and0001_wg_cy<0> (D_0_and0001_wg_cy<0>)
     MUXCY:CI->O           1   0.065   0.000  D_0_and0001_wg_cy<1> (D_0_and0001_wg_cy<1>)
     MUXCY:CI->O           1   0.065   0.000  D_0_and0001_wg_cy<2> (D_0_and0001_wg_cy<2>)
     MUXCY:CI->O           1   0.065   0.000  D_0_and0001_wg_cy<3> (D_0_and0001_wg_cy<3>)
     MUXCY:CI->O           1   0.065   0.000  D_0_and0001_wg_cy<4> (D_0_and0001_wg_cy<4>)
     MUXCY:CI->O           4   0.179   0.522  D_0_and0001_wg_cy<5> (D_0_and0001)
     LUT3:I2->O           11   0.561   0.793  led_enable_not00011 (led_enable_not0001)
     FDE:CE                    0.156          led_enable_0
    ----------------------------------------
    Total                      4.538ns (2.735ns logic, 1.803ns route)
                                       (60.3% logic, 39.7% route)

=========================================================================
Timing constraint: Default OFFSET IN BEFORE for Clock 'clk'
  Total number of paths / destination ports: 60 / 27
-------------------------------------------------------------------------
Offset:              4.514ns (Levels of Logic = 4)
  Source:            DPSwitch<1> (PAD)
  Destination:       led_segment_4 (FF)
  Destination Clock: clk rising

  Data Path: DPSwitch<1> to led_segment_4
                                Gate     Net
    Cell:in->out      fanout   Delay   Delay  Logical Name (Net Name)
    ----------------------------------------  ------------
     IBUF:I->O             9   0.824   0.805  DPSwitch_1_IBUF (DPSwitch_1_IBUF)
     LUT2:I0->O            5   0.561   0.540  led_enable_mux0000<2>1 (led_enable_mux0000<2>)
     LUT4_D:I3->O          1   0.561   0.465  led_segment_mux0002<0>_SW0 (N20)
     LUT4:I0->O            1   0.561   0.000  led_segment_mux0002<3>1 (led_segment_mux0002<3>)
     FDE:D                     0.197          led_segment_4
    ----------------------------------------
    Total                      4.514ns (2.704ns logic, 1.810ns route)
                                       (59.9% logic, 40.1% route)

=========================================================================
Timing constraint: Default OFFSET OUT AFTER for Clock 'clk'
  Total number of paths / destination ports: 11 / 11
-------------------------------------------------------------------------
Offset:              5.248ns (Levels of Logic = 1)
  Source:            led_segment_7 (FF)
  Destination:       led_segment<7> (PAD)
  Source Clock:      clk rising

  Data Path: led_segment_7 to led_segment<7>
                                Gate     Net
    Cell:in->out      fanout   Delay   Delay  Logical Name (Net Name)
    ----------------------------------------  ------------
     FDE:C->Q              1   0.495   0.357  led_segment_7 (led_segment_7)
     OBUF:I->O                 4.396          led_segment_7_OBUF (led_segment<7>)
    ----------------------------------------
    Total                      5.248ns (4.891ns logic, 0.357ns route)
                                       (93.2% logic, 6.8% route)

=========================================================================


Total REAL time to Xst completion: 5.00 secs
Total CPU time to Xst completion: 4.51 secs
 
--> 

Total memory usage is 4513756 kilobytes

Number of errors   :    0 (   0 filtered)
Number of warnings :    2 (   0 filtered)
Number of infos    :    0 (   0 filtered)

